
-------
- lhs:         (lam $fn1 (lam $fn2 (lam $fn3 (lam $fn4 (app map (app map (lam $1 (app (var $fn4) (app (var $fn3) (app (var $fn2) (app (var $fn1) (var $1))))))))))))
- rhs:         (lam $fn1 (lam $fn2 (lam $fn3 (lam $fn4 (lam $4 (app (app map (app map (lam $2 (app (var $fn4) (app (var $fn3) (var $2)))))) (app (app map (app map (lam $3 (app (var $fn2) (app (var $fn1) (var $3)))))) (var $4))))))))
- binding:      de-bruijn
-------

start: (lam $fn1 (lam $fn2 (lam $fn3 (lam $fn4 (app map (app map (lam $1 (app (var $fn4) (app (var $fn3) (app (var $fn2) (app (var $fn1) (var $1))))))))))))
goal: (lam $fn1 (lam $fn2 (lam $fn3 (lam $fn4 (lam $4 (app (app map (app map (lam $2 (app (var $fn4) (app (var $fn3) (var $2)))))) (app (app map (app map (lam $3 (app (var $fn2) (app (var $fn1) (var $3)))))) (var $4))))))))
start (db): (lam (lam (lam (lam (app map (app map (lam (app "%1" (app "%2" (app "%3" (app "%4" "%0")))))))))))
goal  (db): (lam (lam (lam (lam (lam (app (app map (app map (lam (app "%2" (app "%3" "%0"))))) (app (app map (app map (lam (app "%4" (app "%5" "%0"))))) "%0")))))))
[src/main.rs:195:5] it_number = 0
[src/main.rs:195:5] egraph.total_number_of_nodes() = 25
[src/main.rs:195:5] it_number = 1
[src/main.rs:195:5] egraph.total_number_of_nodes() = 43
[src/main.rs:195:5] it_number = 2
[src/main.rs:195:5] egraph.total_number_of_nodes() = 80
[src/main.rs:195:5] it_number = 3
[src/main.rs:195:5] egraph.total_number_of_nodes() = 144
[src/main.rs:195:5] it_number = 4
[src/main.rs:195:5] egraph.total_number_of_nodes() = 256
[src/main.rs:195:5] it_number = 5
[src/main.rs:195:5] egraph.total_number_of_nodes() = 503
[src/main.rs:195:5] it_number = 6
[src/main.rs:195:5] egraph.total_number_of_nodes() = 987
[src/main.rs:195:5] it_number = 7
[src/main.rs:195:5] egraph.total_number_of_nodes() = 1980
[src/main.rs:195:5] it_number = 8
[src/main.rs:195:5] egraph.total_number_of_nodes() = 4243
[src/main.rs:195:5] it_number = 9
[src/main.rs:195:5] egraph.total_number_of_nodes() = 9543
[src/main.rs:195:5] it_number = 10
[src/main.rs:195:5] egraph.total_number_of_nodes() = 9543
Runner report
=============
  Stop reason: Other("Done")
  Iterations: 11
  Egraph size: 9543 nodes, 4595 classes, 20157 memo
  Rebuilds: 5110
  Total time: 0.031753706
    Search:  (0.12) 0.003911088
    Apply:   (0.50) 0.015824519
    Rebuild: (0.38) 0.01201613

applied rules: 9288
Iteration { egraph_nodes: 17, egraph_classes: 17, applied: {"map-fission": 1}, hook_time: 1.342e-6, search_time: 1.4792e-5, apply_time: 1.4503e-5, rebuild_time: 2.365e-6, total_time: 3.1851e-5, data: (), n_rebuilds: 0, stop_reason: None }
Iteration { egraph_nodes: 25, egraph_classes: 24, applied: {"map-fusion": 1, "map-fission": 1, "phi-app": 1}, hook_time: 0.000197727, search_time: 2.0457e-5, apply_time: 2.5904e-5, rebuild_time: 4.401e-6, total_time: 5.0892e-5, data: (), n_rebuilds: 0, stop_reason: None }
Iteration { egraph_nodes: 43, egraph_classes: 39, applied: {"eta": 1, "map-fusion": 1, "map-fission": 3, "phi-lam": 1, "phi-app": 2, "phi-var": 2}, hook_time: 0.000145756, search_time: 3.3505e-5, apply_time: 5.7914e-5, rebuild_time: 2.2656e-5, total_time: 0.00011419, data: (), n_rebuilds: 0, stop_reason: None }
Iteration { egraph_nodes: 84, egraph_classes: 66, applied: {"beta": 3, "eta": 1, "map-fusion": 3, "map-fission": 3, "phi-unused": 1, "phi-lam": 3, "phi-app": 8, "phi-var": 1}, hook_time: 9.5878e-5, search_time: 3.8775e-5, apply_time: 7.9026e-5, rebuild_time: 2.544e-5, total_time: 0.000143328, data: (), n_rebuilds: 5, stop_reason: None }
Iteration { egraph_nodes: 158, egraph_classes: 108, applied: {"beta": 5, "eta": 5, "map-fusion": 3, "map-fission": 6, "sig-app": 5, "phi-unused": 4, "phi-lam": 7, "phi-app": 13, "phi-var": 3}, hook_time: 9.8356e-5, search_time: 7.3083e-5, apply_time: 0.000129316, rebuild_time: 0.00018269, total_time: 0.000385178, data: (), n_rebuilds: 3, stop_reason: None }
Iteration { egraph_nodes: 284, egraph_classes: 172, applied: {"beta": 11, "eta": 6, "map-fusion": 6, "map-fission": 12, "sig-lam": 2, "sig-app": 18, "sig-var": 2, "phi-unused": 3, "phi-lam": 15, "phi-app": 31, "phi-var": 1}, hook_time: 9.7996e-5, search_time: 0.000140615, apply_time: 0.000296243, rebuild_time: 0.000267336, total_time: 0.000704281, data: (), n_rebuilds: 10, stop_reason: None }
Iteration { egraph_nodes: 553, egraph_classes: 316, applied: {"beta": 20, "eta": 15, "map-fusion": 13, "map-fission": 21, "sig-unused": 1, "sig-lam": 11, "sig-app": 41, "sig-var": 4, "phi-unused": 3, "phi-lam": 35, "phi-app": 67, "phi-var": 7}, hook_time: 0.000102096, search_time: 0.000286241, apply_time: 0.000794974, rebuild_time: 0.000563164, total_time: 0.001644643, data: (), n_rebuilds: 31, stop_reason: None }
Iteration { egraph_nodes: 1174, egraph_classes: 574, applied: {"beta": 52, "eta": 51, "map-fusion": 35, "map-fission": 49, "sig-unused": 3, "sig-lam": 31, "sig-app": 109, "sig-var": 1, "phi-unused": 4, "phi-lam": 86, "phi-app": 161, "phi-var": 4}, hook_time: 0.000220239, search_time: 0.00092736, apply_time: 0.001704569, rebuild_time: 0.00093479, total_time: 0.00356686, data: (), n_rebuilds: 215, stop_reason: None }
Iteration { egraph_nodes: 2614, egraph_classes: 1078, applied: {"beta": 186, "eta": 109, "map-fusion": 148, "map-fission": 155, "sig-unused": 6, "sig-lam": 124, "sig-app": 333, "sig-var": 4, "phi-unused": 6, "phi-lam": 314, "phi-app": 447, "phi-var": 8}, hook_time: 9.6227e-5, search_time: 0.000775131, apply_time: 0.002849246, rebuild_time: 0.00292017, total_time: 0.006544941, data: (), n_rebuilds: 940, stop_reason: None }
Iteration { egraph_nodes: 6758, egraph_classes: 2119, applied: {"beta": 730, "eta": 257, "map-fusion": 445, "map-fission": 395, "sig-unused": 3, "sig-lam": 558, "sig-app": 1113, "sig-var": 3, "phi-unused": 6, "phi-lam": 1302, "phi-app": 1613, "phi-var": 4}, hook_time: 9.2633e-5, search_time: 0.001601086, apply_time: 0.00987245, rebuild_time: 0.006877794, total_time: 0.018351446, data: (), n_rebuilds: 3906, stop_reason: None }
Iteration { egraph_nodes: 20157, egraph_classes: 4595, applied: {}, hook_time: 0.000163844, search_time: 4.3e-8, apply_time: 3.74e-7, rebuild_time: 0.000215324, total_time: 0.000216096, data: (), n_rebuilds: 0, stop_reason: Some(Other("Done")) }
End (18): (lam
  (lam
    (lam
      (lam (app map (app map (lam (app %1 (app %2 (app %3 (app %4 %0)))))))))))
Trying to prove goal 0: (lam
  (lam
    (lam
      (lam
        (lam
          (app
            (app
              map
              (app
                map
                (lam (app %2 (app %3 %0)))))
            (app
              (app
                map
                (app
                  map
                  (lam (app %4 (app %5 %0)))))
              %0)))))))

0:00.03, 14120 Kbytes
